<?xml version="1.0" encoding="UTF-8"?>
<coverage generated="1522839655789" clover="3.2.0">
  <project timestamp="1522839655789" name="All files">
    <metrics statements="12" coveredstatements="11" conditionals="6" coveredconditionals="4" methods="3" coveredmethods="3" elements="21" coveredelements="18" complexity="0" loc="12" ncloc="12" packages="1" files="1" classes="1">
      <file name="CACHE_SERVICE.js" path="D:\Projects\kaderiho.github.io\frontcamp2017\news-app\src\js\services\CACHE_SERVICE.js">
        <metrics statements="12" coveredstatements="11" conditionals="6" coveredconditionals="4" methods="3" coveredmethods="3"/>
        <line num="6" count="2" type="cond" truecount="2" falsecount="0"/>
        <line num="7" count="1" type="stmt"/>
        <line num="10" count="2" type="stmt"/>
        <line num="14" count="2" type="stmt"/>
        <line num="23" count="1" type="stmt"/>
        <line num="24" count="1" type="stmt"/>
        <line num="27" count="1" type="cond" truecount="1" falsecount="1"/>
        <line num="28" count="1" type="stmt"/>
        <line num="31" count="1" type="cond" truecount="1" falsecount="1"/>
        <line num="32" count="1" type="stmt"/>
        <line num="34" count="0" type="stmt"/>
        <line num="37" count="1" type="stmt"/>
      </file>
    </metrics>
  </project>
</coverage>
