{"D:\\Projects\\kaderiho.github.io\\frontcamp2017\\angular-hometask\\src\\app.js": {"path":"D:\\Projects\\kaderiho.github.io\\frontcamp2017\\angular-hometask\\src\\app.js","statementMap":{"0":{"start":{"line":9,"column":12},"end":{"line":9,"column":64}},"1":{"start":{"line":11,"column":0},"end":{"line":11,"column":39}},"2":{"start":{"line":12,"column":0},"end":{"line":12,"column":55}},"3":{"start":{"line":13,"column":0},"end":{"line":13,"column":93}},"4":{"start":{"line":14,"column":0},"end":{"line":14,"column":42}}},"fnMap":{},"branchMap":{},"s":{"0":1,"1":1,"2":1,"3":1,"4":1},"f":{},"b":{},"_coverageSchema":"332fd63041d2c1bcb487cc26dd0d5f7d97098a6c","hash":"0dd7f67feb723f269bd170a7d51147d48d4cd052"}
,"D:\\Projects\\kaderiho.github.io\\frontcamp2017\\angular-hometask\\src\\routes.js": {"path":"D:\\Projects\\kaderiho.github.io\\frontcamp2017\\angular-hometask\\src\\routes.js","statementMap":{"0":{"start":{"line":1,"column":15},"end":{"line":13,"column":1}},"1":{"start":{"line":2,"column":24},"end":{"line":5,"column":5}},"2":{"start":{"line":7,"column":4},"end":{"line":12,"column":11}}},"fnMap":{"0":{"name":"(anonymous_0)","decl":{"start":{"line":1,"column":15},"end":{"line":1,"column":16}},"loc":{"start":{"line":1,"column":40},"end":{"line":13,"column":1}},"line":1}},"branchMap":{},"s":{"0":1,"1":7,"2":7},"f":{"0":7},"b":{},"_coverageSchema":"332fd63041d2c1bcb487cc26dd0d5f7d97098a6c","hash":"17ef69225034a28dcd4785af1080b08f4683f524"}
,"D:\\Projects\\kaderiho.github.io\\frontcamp2017\\angular-hometask\\src\\controllers\\todoCtrl.js": {"path":"D:\\Projects\\kaderiho.github.io\\frontcamp2017\\angular-hometask\\src\\controllers\\todoCtrl.js","statementMap":{"0":{"start":{"line":1,"column":17},"end":{"line":54,"column":1}},"1":{"start":{"line":2,"column":4},"end":{"line":2,"column":45}},"2":{"start":{"line":3,"column":4},"end":{"line":5,"column":6}},"3":{"start":{"line":6,"column":4},"end":{"line":6,"column":27}},"4":{"start":{"line":9,"column":4},"end":{"line":15,"column":6}},"5":{"start":{"line":10,"column":8},"end":{"line":12,"column":9}},"6":{"start":{"line":11,"column":12},"end":{"line":11,"column":28}},"7":{"start":{"line":14,"column":8},"end":{"line":14,"column":83}},"8":{"start":{"line":17,"column":4},"end":{"line":32,"column":6}},"9":{"start":{"line":18,"column":8},"end":{"line":20,"column":9}},"10":{"start":{"line":19,"column":12},"end":{"line":19,"column":19}},"11":{"start":{"line":22,"column":24},"end":{"line":27,"column":9}},"12":{"start":{"line":29,"column":8},"end":{"line":29,"column":37}},"13":{"start":{"line":31,"column":8},"end":{"line":31,"column":38}},"14":{"start":{"line":34,"column":4},"end":{"line":36,"column":6}},"15":{"start":{"line":35,"column":8},"end":{"line":35,"column":44}},"16":{"start":{"line":38,"column":4},"end":{"line":40,"column":6}},"17":{"start":{"line":39,"column":8},"end":{"line":39,"column":49}},"18":{"start":{"line":42,"column":4},"end":{"line":44,"column":6}},"19":{"start":{"line":43,"column":8},"end":{"line":43,"column":49}},"20":{"start":{"line":46,"column":4},"end":{"line":49,"column":6}},"21":{"start":{"line":47,"column":8},"end":{"line":47,"column":43}},"22":{"start":{"line":48,"column":8},"end":{"line":48,"column":31}},"23":{"start":{"line":51,"column":4},"end":{"line":53,"column":5}},"24":{"start":{"line":52,"column":8},"end":{"line":52,"column":106}},"25":{"start":{"line":52,"column":66},"end":{"line":52,"column":100}}},"fnMap":{"0":{"name":"(anonymous_0)","decl":{"start":{"line":1,"column":17},"end":{"line":1,"column":18}},"loc":{"start":{"line":1,"column":73},"end":{"line":54,"column":1}},"line":1},"1":{"name":"(anonymous_1)","decl":{"start":{"line":9,"column":24},"end":{"line":9,"column":25}},"loc":{"start":{"line":9,"column":44},"end":{"line":15,"column":5}},"line":9},"2":{"name":"(anonymous_2)","decl":{"start":{"line":17,"column":21},"end":{"line":17,"column":22}},"loc":{"start":{"line":17,"column":33},"end":{"line":32,"column":5}},"line":17},"3":{"name":"(anonymous_3)","decl":{"start":{"line":34,"column":24},"end":{"line":34,"column":25}},"loc":{"start":{"line":34,"column":47},"end":{"line":36,"column":5}},"line":34},"4":{"name":"(anonymous_4)","decl":{"start":{"line":38,"column":32},"end":{"line":38,"column":33}},"loc":{"start":{"line":38,"column":52},"end":{"line":40,"column":5}},"line":38},"5":{"name":"(anonymous_5)","decl":{"start":{"line":42,"column":22},"end":{"line":42,"column":23}},"loc":{"start":{"line":42,"column":42},"end":{"line":44,"column":5}},"line":42},"6":{"name":"(anonymous_6)","decl":{"start":{"line":46,"column":26},"end":{"line":46,"column":27}},"loc":{"start":{"line":46,"column":46},"end":{"line":49,"column":5}},"line":46},"7":{"name":"(anonymous_7)","decl":{"start":{"line":52,"column":52},"end":{"line":52,"column":53}},"loc":{"start":{"line":52,"column":66},"end":{"line":52,"column":100}},"line":52}},"branchMap":{"0":{"loc":{"start":{"line":10,"column":8},"end":{"line":12,"column":9}},"type":"if","locations":[{"start":{"line":10,"column":8},"end":{"line":12,"column":9}},{"start":{"line":10,"column":8},"end":{"line":12,"column":9}}],"line":10},"1":{"loc":{"start":{"line":10,"column":12},"end":{"line":10,"column":58}},"type":"binary-expr","locations":[{"start":{"line":10,"column":12},"end":{"line":10,"column":36}},{"start":{"line":10,"column":40},"end":{"line":10,"column":58}}],"line":10},"2":{"loc":{"start":{"line":18,"column":8},"end":{"line":20,"column":9}},"type":"if","locations":[{"start":{"line":18,"column":8},"end":{"line":20,"column":9}},{"start":{"line":18,"column":8},"end":{"line":20,"column":9}}],"line":18},"3":{"loc":{"start":{"line":51,"column":4},"end":{"line":53,"column":5}},"type":"if","locations":[{"start":{"line":51,"column":4},"end":{"line":53,"column":5}},{"start":{"line":51,"column":4},"end":{"line":53,"column":5}}],"line":51}},"s":{"0":1,"1":0,"2":0,"3":0,"4":0,"5":0,"6":0,"7":0,"8":0,"9":0,"10":0,"11":0,"12":0,"13":0,"14":0,"15":0,"16":0,"17":0,"18":0,"19":0,"20":0,"21":0,"22":0,"23":0,"24":0,"25":0},"f":{"0":0,"1":0,"2":0,"3":0,"4":0,"5":0,"6":0,"7":0},"b":{"0":[0,0],"1":[0,0],"2":[0,0],"3":[0,0]},"_coverageSchema":"332fd63041d2c1bcb487cc26dd0d5f7d97098a6c","hash":"108e9dd2ef781ae4b6a0ea4619a68170e662bfb7"}
,"D:\\Projects\\kaderiho.github.io\\frontcamp2017\\angular-hometask\\src\\directives\\min-length.js": {"path":"D:\\Projects\\kaderiho.github.io\\frontcamp2017\\angular-hometask\\src\\directives\\min-length.js","statementMap":{"0":{"start":{"line":1,"column":20},"end":{"line":21,"column":1}},"1":{"start":{"line":2,"column":4},"end":{"line":20,"column":6}},"2":{"start":{"line":6,"column":22},"end":{"line":6,"column":58}},"3":{"start":{"line":8,"column":12},"end":{"line":18,"column":14}},"4":{"start":{"line":9,"column":26},"end":{"line":9,"column":124}},"5":{"start":{"line":11,"column":16},"end":{"line":17,"column":17}},"6":{"start":{"line":12,"column":20},"end":{"line":12,"column":58}},"7":{"start":{"line":13,"column":20},"end":{"line":13,"column":37}},"8":{"start":{"line":15,"column":20},"end":{"line":15,"column":57}},"9":{"start":{"line":16,"column":20},"end":{"line":16,"column":37}}},"fnMap":{"0":{"name":"(anonymous_0)","decl":{"start":{"line":1,"column":20},"end":{"line":1,"column":21}},"loc":{"start":{"line":1,"column":31},"end":{"line":21,"column":1}},"line":1},"1":{"name":"(anonymous_1)","decl":{"start":{"line":5,"column":14},"end":{"line":5,"column":15}},"loc":{"start":{"line":5,"column":48},"end":{"line":19,"column":9}},"line":5},"2":{"name":"(anonymous_2)","decl":{"start":{"line":8,"column":43},"end":{"line":8,"column":44}},"loc":{"start":{"line":8,"column":63},"end":{"line":18,"column":13}},"line":8}},"branchMap":{"0":{"loc":{"start":{"line":6,"column":31},"end":{"line":6,"column":53}},"type":"binary-expr","locations":[{"start":{"line":6,"column":31},"end":{"line":6,"column":48}},{"start":{"line":6,"column":52},"end":{"line":6,"column":53}}],"line":6},"1":{"loc":{"start":{"line":9,"column":26},"end":{"line":9,"column":124}},"type":"cond-expr","locations":[{"start":{"line":9,"column":38},"end":{"line":9,"column":120}},{"start":{"line":9,"column":123},"end":{"line":9,"column":124}}],"line":9},"2":{"loc":{"start":{"line":9,"column":58},"end":{"line":9,"column":112}},"type":"binary-expr","locations":[{"start":{"line":9,"column":58},"end":{"line":9,"column":108}},{"start":{"line":9,"column":110},"end":{"line":9,"column":112}}],"line":9},"3":{"loc":{"start":{"line":11,"column":16},"end":{"line":17,"column":17}},"type":"if","locations":[{"start":{"line":11,"column":16},"end":{"line":17,"column":17}},{"start":{"line":11,"column":16},"end":{"line":17,"column":17}}],"line":11}},"s":{"0":1,"1":0,"2":0,"3":0,"4":0,"5":0,"6":0,"7":0,"8":0,"9":0},"f":{"0":0,"1":0,"2":0},"b":{"0":[0,0],"1":[0,0],"2":[0,0],"3":[0,0]},"_coverageSchema":"332fd63041d2c1bcb487cc26dd0d5f7d97098a6c","hash":"dcac75cc55fa2e99ae96c2556f7cea18ee9a6ab7"}
,"D:\\Projects\\kaderiho.github.io\\frontcamp2017\\angular-hometask\\src\\services\\todoFactory.js": {"path":"D:\\Projects\\kaderiho.github.io\\frontcamp2017\\angular-hometask\\src\\services\\todoFactory.js","statementMap":{"0":{"start":{"line":1,"column":20},"end":{"line":39,"column":1}},"1":{"start":{"line":2,"column":20},"end":{"line":10,"column":5}},"2":{"start":{"line":12,"column":20},"end":{"line":12,"column":37}},"3":{"start":{"line":14,"column":4},"end":{"line":38,"column":5}},"4":{"start":{"line":16,"column":12},"end":{"line":16,"column":29}},"5":{"start":{"line":20,"column":12},"end":{"line":20,"column":37}},"6":{"start":{"line":24,"column":12},"end":{"line":24,"column":74}},"7":{"start":{"line":28,"column":12},"end":{"line":28,"column":75}},"8":{"start":{"line":32,"column":12},"end":{"line":32,"column":61}},"9":{"start":{"line":36,"column":12},"end":{"line":36,"column":83}}},"fnMap":{"0":{"name":"(anonymous_0)","decl":{"start":{"line":1,"column":20},"end":{"line":1,"column":21}},"loc":{"start":{"line":1,"column":40},"end":{"line":39,"column":1}},"line":1},"1":{"name":"(anonymous_1)","decl":{"start":{"line":15,"column":18},"end":{"line":15,"column":19}},"loc":{"start":{"line":15,"column":29},"end":{"line":17,"column":9}},"line":15},"2":{"name":"(anonymous_2)","decl":{"start":{"line":19,"column":17},"end":{"line":19,"column":18}},"loc":{"start":{"line":19,"column":36},"end":{"line":21,"column":9}},"line":19},"3":{"name":"(anonymous_3)","decl":{"start":{"line":23,"column":18},"end":{"line":23,"column":19}},"loc":{"start":{"line":23,"column":43},"end":{"line":25,"column":9}},"line":23},"4":{"name":"(anonymous_4)","decl":{"start":{"line":27,"column":22},"end":{"line":27,"column":23}},"loc":{"start":{"line":27,"column":47},"end":{"line":29,"column":9}},"line":27},"5":{"name":"(anonymous_5)","decl":{"start":{"line":31,"column":20},"end":{"line":31,"column":21}},"loc":{"start":{"line":31,"column":39},"end":{"line":33,"column":9}},"line":31},"6":{"name":"(anonymous_6)","decl":{"start":{"line":35,"column":28},"end":{"line":35,"column":29}},"loc":{"start":{"line":35,"column":47},"end":{"line":37,"column":9}},"line":35}},"branchMap":{},"s":{"0":1,"1":7,"2":7,"3":7,"4":7,"5":5,"6":1,"7":1,"8":1,"9":1},"f":{"0":7,"1":7,"2":5,"3":1,"4":1,"5":1,"6":1},"b":{},"_coverageSchema":"332fd63041d2c1bcb487cc26dd0d5f7d97098a6c","hash":"b82552bc6d764e89fff00077d3fa2f3e9399249a"}
}
