<?xml version="1.0" encoding="UTF-8"?>
<coverage generated="1522603491269" clover="3.2.0">
  <project timestamp="1522603491269" name="All files">
    <metrics statements="17" coveredstatements="17" conditionals="10" coveredconditionals="8" methods="4" coveredmethods="4" elements="31" coveredelements="29" complexity="0" loc="17" ncloc="17" packages="3" files="4" classes="4">
      <package name="actions">
        <metrics statements="5" coveredstatements="5" conditionals="0" coveredconditionals="0" methods="0" coveredmethods="0"/>
        <file name="types.js" path="D:\Projects\kaderiho.github.io\frontcamp2017\reactjs-hometask\src\browser\actions\types.js">
          <metrics statements="5" coveredstatements="5" conditionals="0" coveredconditionals="0" methods="0" coveredmethods="0"/>
          <line num="1" count="2" type="stmt"/>
          <line num="2" count="2" type="stmt"/>
          <line num="3" count="2" type="stmt"/>
          <line num="4" count="2" type="stmt"/>
          <line num="5" count="2" type="stmt"/>
        </file>
      </package>
      <package name="components.common">
        <metrics statements="3" coveredstatements="3" conditionals="2" coveredconditionals="1" methods="1" coveredmethods="1"/>
        <file name="text-field-group.js" path="D:\Projects\kaderiho.github.io\frontcamp2017\reactjs-hometask\src\browser\components\common\text-field-group.js">
          <metrics statements="3" coveredstatements="3" conditionals="2" coveredconditionals="1" methods="1" coveredmethods="1"/>
          <line num="3" count="1" type="stmt"/>
          <line num="4" count="2" type="stmt"/>
          <line num="17" count="1" type="stmt"/>
        </file>
      </package>
      <package name="reducers">
        <metrics statements="9" coveredstatements="9" conditionals="8" coveredconditionals="7" methods="3" coveredmethods="3"/>
        <file name="articles.js" path="D:\Projects\kaderiho.github.io\frontcamp2017\reactjs-hometask\src\browser\reducers\articles.js">
          <metrics statements="5" coveredstatements="5" conditionals="4" coveredconditionals="4" methods="2" coveredmethods="2"/>
          <line num="3" count="1" type="cond" truecount="1" falsecount="0"/>
          <line num="4" count="3" type="cond" truecount="3" falsecount="0"/>
          <line num="6" count="1" type="stmt"/>
          <line num="8" count="1" type="stmt"/>
          <line num="10" count="1" type="stmt"/>
        </file>
        <file name="auth.js" path="D:\Projects\kaderiho.github.io\frontcamp2017\reactjs-hometask\src\browser\reducers\auth.js">
          <metrics statements="4" coveredstatements="4" conditionals="4" coveredconditionals="3" methods="1" coveredmethods="1"/>
          <line num="4" count="1" type="stmt"/>
          <line num="10" count="3" type="cond" truecount="2" falsecount="0"/>
          <line num="12" count="2" type="stmt"/>
          <line num="17" count="1" type="stmt"/>
        </file>
      </package>
    </metrics>
  </project>
</coverage>
