{"D:\\Projects\\kaderiho.github.io\\frontcamp2017\\reactjs-hometask\\src\\browser\\actions\\types.js": {"path":"D:\\Projects\\kaderiho.github.io\\frontcamp2017\\reactjs-hometask\\src\\browser\\actions\\types.js","statementMap":{"0":{"start":{"line":1,"column":36},"end":{"line":1,"column":58}},"1":{"start":{"line":2,"column":33},"end":{"line":2,"column":52}},"2":{"start":{"line":3,"column":32},"end":{"line":3,"column":50}},"3":{"start":{"line":4,"column":30},"end":{"line":4,"column":46}},"4":{"start":{"line":5,"column":27},"end":{"line":5,"column":40}}},"fnMap":{},"branchMap":{},"s":{"0":2,"1":2,"2":2,"3":2,"4":2},"f":{},"b":{},"_coverageSchema":"332fd63041d2c1bcb487cc26dd0d5f7d97098a6c","hash":"0e406e58a036cc123d7a5f91893b5805bd7d3457"}
,"D:\\Projects\\kaderiho.github.io\\frontcamp2017\\reactjs-hometask\\src\\browser\\components\\common\\text-field-group.js": {"path":"D:\\Projects\\kaderiho.github.io\\frontcamp2017\\reactjs-hometask\\src\\browser\\components\\common\\text-field-group.js","statementMap":{"0":{"start":{"line":3,"column":23},"end":{"line":15,"column":1}},"1":{"start":{"line":4,"column":4},"end":{"line":14,"column":5}},"2":{"start":{"line":17,"column":0},"end":{"line":19,"column":2}}},"fnMap":{"0":{"name":"(anonymous_0)","decl":{"start":{"line":3,"column":23},"end":{"line":3,"column":24}},"loc":{"start":{"line":3,"column":74},"end":{"line":15,"column":1}},"line":3}},"branchMap":{"0":{"loc":{"start":{"line":12,"column":13},"end":{"line":12,"column":65}},"type":"binary-expr","locations":[{"start":{"line":12,"column":13},"end":{"line":12,"column":18}},{"start":{"line":12,"column":22},"end":{"line":12,"column":65}}],"line":12}},"s":{"0":1,"1":2,"2":1},"f":{"0":2},"b":{"0":[2,0]},"_coverageSchema":"332fd63041d2c1bcb487cc26dd0d5f7d97098a6c","hash":"a31129b2c9c3ce5ac9575a5a5b77a84750a78b86"}
,"D:\\Projects\\kaderiho.github.io\\frontcamp2017\\reactjs-hometask\\src\\browser\\reducers\\articles.js": {"path":"D:\\Projects\\kaderiho.github.io\\frontcamp2017\\reactjs-hometask\\src\\browser\\reducers\\articles.js","statementMap":{"0":{"start":{"line":3,"column":14},"end":{"line":12,"column":1}},"1":{"start":{"line":4,"column":4},"end":{"line":11,"column":5}},"2":{"start":{"line":6,"column":12},"end":{"line":6,"column":46}},"3":{"start":{"line":8,"column":12},"end":{"line":8,"column":78}},"4":{"start":{"line":8,"column":45},"end":{"line":8,"column":76}},"5":{"start":{"line":10,"column":12},"end":{"line":10,"column":25}}},"fnMap":{"0":{"name":"(anonymous_0)","decl":{"start":{"line":3,"column":14},"end":{"line":3,"column":15}},"loc":{"start":{"line":3,"column":38},"end":{"line":12,"column":1}},"line":3},"1":{"name":"(anonymous_1)","decl":{"start":{"line":8,"column":32},"end":{"line":8,"column":33}},"loc":{"start":{"line":8,"column":45},"end":{"line":8,"column":76}},"line":8}},"branchMap":{"0":{"loc":{"start":{"line":3,"column":15},"end":{"line":3,"column":25}},"type":"default-arg","locations":[{"start":{"line":3,"column":23},"end":{"line":3,"column":25}}],"line":3},"1":{"loc":{"start":{"line":4,"column":4},"end":{"line":11,"column":5}},"type":"switch","locations":[{"start":{"line":5,"column":8},"end":{"line":6,"column":46}},{"start":{"line":7,"column":8},"end":{"line":8,"column":78}},{"start":{"line":9,"column":8},"end":{"line":10,"column":25}}],"line":4}},"s":{"0":1,"1":3,"2":1,"3":1,"4":1,"5":1},"f":{"0":3,"1":1},"b":{"0":[1],"1":[1,1,1]},"_coverageSchema":"332fd63041d2c1bcb487cc26dd0d5f7d97098a6c","hash":"baa0bec8ae5c5cd3a254ff422fa56d4e365bc49c"}
,"D:\\Projects\\kaderiho.github.io\\frontcamp2017\\reactjs-hometask\\src\\browser\\reducers\\auth.js": {"path":"D:\\Projects\\kaderiho.github.io\\frontcamp2017\\reactjs-hometask\\src\\browser\\reducers\\auth.js","statementMap":{"0":{"start":{"line":4,"column":21},"end":{"line":7,"column":1}},"1":{"start":{"line":10,"column":4},"end":{"line":18,"column":5}},"2":{"start":{"line":12,"column":12},"end":{"line":15,"column":14}},"3":{"start":{"line":17,"column":12},"end":{"line":17,"column":25}}},"fnMap":{"0":{"name":"(anonymous_0)","decl":{"start":{"line":9,"column":15},"end":{"line":9,"column":16}},"loc":{"start":{"line":9,"column":54},"end":{"line":19,"column":1}},"line":9}},"branchMap":{"0":{"loc":{"start":{"line":9,"column":16},"end":{"line":9,"column":36}},"type":"default-arg","locations":[{"start":{"line":9,"column":24},"end":{"line":9,"column":36}}],"line":9},"1":{"loc":{"start":{"line":9,"column":38},"end":{"line":9,"column":49}},"type":"default-arg","locations":[{"start":{"line":9,"column":47},"end":{"line":9,"column":49}}],"line":9},"2":{"loc":{"start":{"line":10,"column":4},"end":{"line":18,"column":5}},"type":"switch","locations":[{"start":{"line":11,"column":8},"end":{"line":15,"column":14}},{"start":{"line":16,"column":8},"end":{"line":17,"column":25}}],"line":10}},"s":{"0":1,"1":3,"2":2,"3":1},"f":{"0":3},"b":{"0":[1],"1":[0],"2":[2,1]},"_coverageSchema":"332fd63041d2c1bcb487cc26dd0d5f7d97098a6c","hash":"0d19996d635533baf4ba7fce3e495897fbeb4d9d"}
}
