{"D:\\Projects\\kaderiho.github.io\\frontcamp2017\\reactjs-hometask\\src\\browser\\actions\\articles.js": {"path":"D:\\Projects\\kaderiho.github.io\\frontcamp2017\\reactjs-hometask\\src\\browser\\actions\\articles.js","statementMap":{"0":{"start":{"line":3,"column":29},"end":{"line":8,"column":1}},"1":{"start":{"line":4,"column":4},"end":{"line":7,"column":5}},"2":{"start":{"line":10,"column":26},"end":{"line":15,"column":1}},"3":{"start":{"line":11,"column":4},"end":{"line":14,"column":5}}},"fnMap":{"0":{"name":"(anonymous_0)","decl":{"start":{"line":3,"column":29},"end":{"line":3,"column":30}},"loc":{"start":{"line":3,"column":42},"end":{"line":8,"column":1}},"line":3},"1":{"name":"(anonymous_1)","decl":{"start":{"line":10,"column":26},"end":{"line":10,"column":27}},"loc":{"start":{"line":10,"column":39},"end":{"line":15,"column":1}},"line":10}},"branchMap":{},"s":{"0":1,"1":0,"2":1,"3":0},"f":{"0":0,"1":0},"b":{},"_coverageSchema":"332fd63041d2c1bcb487cc26dd0d5f7d97098a6c","hash":"277d85af129bafb51e4c2259be1f1a3d33867d17"}
,"D:\\Projects\\kaderiho.github.io\\frontcamp2017\\reactjs-hometask\\src\\browser\\actions\\types.js": {"path":"D:\\Projects\\kaderiho.github.io\\frontcamp2017\\reactjs-hometask\\src\\browser\\actions\\types.js","statementMap":{"0":{"start":{"line":1,"column":36},"end":{"line":1,"column":58}},"1":{"start":{"line":2,"column":33},"end":{"line":2,"column":52}},"2":{"start":{"line":3,"column":32},"end":{"line":3,"column":50}},"3":{"start":{"line":4,"column":30},"end":{"line":4,"column":46}},"4":{"start":{"line":5,"column":27},"end":{"line":5,"column":40}}},"fnMap":{},"branchMap":{},"s":{"0":3,"1":3,"2":3,"3":3,"4":3},"f":{},"b":{},"_coverageSchema":"332fd63041d2c1bcb487cc26dd0d5f7d97098a6c","hash":"0e406e58a036cc123d7a5f91893b5805bd7d3457"}
,"D:\\Projects\\kaderiho.github.io\\frontcamp2017\\reactjs-hometask\\src\\browser\\components\\article\\article-adding.jsx": {"path":"D:\\Projects\\kaderiho.github.io\\frontcamp2017\\reactjs-hometask\\src\\browser\\components\\article\\article-adding.jsx","statementMap":{"0":{"start":{"line":11,"column":8},"end":{"line":11,"column":25}},"1":{"start":{"line":13,"column":8},"end":{"line":16,"column":10}},"2":{"start":{"line":18,"column":8},"end":{"line":23,"column":10}},"3":{"start":{"line":19,"column":12},"end":{"line":19,"column":34}},"4":{"start":{"line":20,"column":12},"end":{"line":22,"column":15}},"5":{"start":{"line":25,"column":8},"end":{"line":47,"column":9}},"6":{"start":{"line":26,"column":40},"end":{"line":26,"column":50}},"7":{"start":{"line":28,"column":12},"end":{"line":28,"column":31}},"8":{"start":{"line":30,"column":12},"end":{"line":32,"column":13}},"9":{"start":{"line":31,"column":16},"end":{"line":31,"column":23}},"10":{"start":{"line":34,"column":12},"end":{"line":41,"column":28}},"11":{"start":{"line":40,"column":16},"end":{"line":40,"column":48}},"12":{"start":{"line":43,"column":12},"end":{"line":46,"column":14}},"13":{"start":{"line":51,"column":36},"end":{"line":51,"column":46}},"14":{"start":{"line":53,"column":8},"end":{"line":73,"column":10}},"15":{"start":{"line":79,"column":4},"end":{"line":83,"column":5}},"16":{"start":{"line":81,"column":12},"end":{"line":81,"column":41}}},"fnMap":{"0":{"name":"(anonymous_0)","decl":{"start":{"line":10,"column":4},"end":{"line":10,"column":5}},"loc":{"start":{"line":10,"column":27},"end":{"line":48,"column":5}},"line":10},"1":{"name":"(anonymous_1)","decl":{"start":{"line":18,"column":24},"end":{"line":18,"column":25}},"loc":{"start":{"line":18,"column":31},"end":{"line":23,"column":9}},"line":18},"2":{"name":"(anonymous_2)","decl":{"start":{"line":25,"column":24},"end":{"line":25,"column":25}},"loc":{"start":{"line":25,"column":31},"end":{"line":47,"column":9}},"line":25},"3":{"name":"(anonymous_3)","decl":{"start":{"line":39,"column":20},"end":{"line":39,"column":21}},"loc":{"start":{"line":39,"column":29},"end":{"line":41,"column":13}},"line":39},"4":{"name":"(anonymous_4)","decl":{"start":{"line":41,"column":15},"end":{"line":41,"column":16}},"loc":{"start":{"line":41,"column":24},"end":{"line":41,"column":26}},"line":41},"5":{"name":"(anonymous_5)","decl":{"start":{"line":50,"column":4},"end":{"line":50,"column":5}},"loc":{"start":{"line":50,"column":13},"end":{"line":74,"column":5}},"line":50},"6":{"name":"matchDispatchToProps","decl":{"start":{"line":78,"column":9},"end":{"line":78,"column":29}},"loc":{"start":{"line":78,"column":40},"end":{"line":84,"column":1}},"line":78},"7":{"name":"(anonymous_7)","decl":{"start":{"line":80,"column":20},"end":{"line":80,"column":21}},"loc":{"start":{"line":80,"column":33},"end":{"line":82,"column":9}},"line":80}},"branchMap":{"0":{"loc":{"start":{"line":30,"column":12},"end":{"line":32,"column":13}},"type":"if","locations":[{"start":{"line":30,"column":12},"end":{"line":32,"column":13}},{"start":{"line":30,"column":12},"end":{"line":32,"column":13}}],"line":30},"1":{"loc":{"start":{"line":30,"column":16},"end":{"line":30,"column":49}},"type":"binary-expr","locations":[{"start":{"line":30,"column":16},"end":{"line":30,"column":31}},{"start":{"line":30,"column":35},"end":{"line":30,"column":49}}],"line":30}},"s":{"0":7,"1":7,"2":7,"3":1,"4":1,"5":7,"6":0,"7":0,"8":0,"9":0,"10":0,"11":0,"12":0,"13":8,"14":8,"15":7,"16":0},"f":{"0":7,"1":1,"2":0,"3":0,"4":0,"5":8,"6":7,"7":0},"b":{"0":[0,0],"1":[0,0]},"_coverageSchema":"332fd63041d2c1bcb487cc26dd0d5f7d97098a6c","hash":"72fc8474d6ce7920f360a5253116567b5159ee60"}
,"D:\\Projects\\kaderiho.github.io\\frontcamp2017\\reactjs-hometask\\src\\browser\\components\\common\\text-field-group.js": {"path":"D:\\Projects\\kaderiho.github.io\\frontcamp2017\\reactjs-hometask\\src\\browser\\components\\common\\text-field-group.js","statementMap":{"0":{"start":{"line":3,"column":23},"end":{"line":15,"column":1}},"1":{"start":{"line":4,"column":4},"end":{"line":14,"column":5}},"2":{"start":{"line":17,"column":0},"end":{"line":19,"column":2}}},"fnMap":{"0":{"name":"(anonymous_0)","decl":{"start":{"line":3,"column":23},"end":{"line":3,"column":24}},"loc":{"start":{"line":3,"column":74},"end":{"line":15,"column":1}},"line":3}},"branchMap":{"0":{"loc":{"start":{"line":12,"column":13},"end":{"line":12,"column":65}},"type":"binary-expr","locations":[{"start":{"line":12,"column":13},"end":{"line":12,"column":18}},{"start":{"line":12,"column":22},"end":{"line":12,"column":65}}],"line":12}},"s":{"0":2,"1":19,"2":2},"f":{"0":19},"b":{"0":[19,0]},"_coverageSchema":"332fd63041d2c1bcb487cc26dd0d5f7d97098a6c","hash":"a31129b2c9c3ce5ac9575a5a5b77a84750a78b86"}
,"D:\\Projects\\kaderiho.github.io\\frontcamp2017\\reactjs-hometask\\src\\browser\\reducers\\articles.js": {"path":"D:\\Projects\\kaderiho.github.io\\frontcamp2017\\reactjs-hometask\\src\\browser\\reducers\\articles.js","statementMap":{"0":{"start":{"line":3,"column":14},"end":{"line":12,"column":1}},"1":{"start":{"line":4,"column":4},"end":{"line":11,"column":5}},"2":{"start":{"line":6,"column":12},"end":{"line":6,"column":46}},"3":{"start":{"line":8,"column":12},"end":{"line":8,"column":78}},"4":{"start":{"line":8,"column":45},"end":{"line":8,"column":76}},"5":{"start":{"line":10,"column":12},"end":{"line":10,"column":25}}},"fnMap":{"0":{"name":"(anonymous_0)","decl":{"start":{"line":3,"column":14},"end":{"line":3,"column":15}},"loc":{"start":{"line":3,"column":38},"end":{"line":12,"column":1}},"line":3},"1":{"name":"(anonymous_1)","decl":{"start":{"line":8,"column":32},"end":{"line":8,"column":33}},"loc":{"start":{"line":8,"column":45},"end":{"line":8,"column":76}},"line":8}},"branchMap":{"0":{"loc":{"start":{"line":3,"column":15},"end":{"line":3,"column":25}},"type":"default-arg","locations":[{"start":{"line":3,"column":23},"end":{"line":3,"column":25}}],"line":3},"1":{"loc":{"start":{"line":4,"column":4},"end":{"line":11,"column":5}},"type":"switch","locations":[{"start":{"line":5,"column":8},"end":{"line":6,"column":46}},{"start":{"line":7,"column":8},"end":{"line":8,"column":78}},{"start":{"line":9,"column":8},"end":{"line":10,"column":25}}],"line":4}},"s":{"0":1,"1":3,"2":1,"3":1,"4":1,"5":1},"f":{"0":3,"1":1},"b":{"0":[1],"1":[1,1,1]},"_coverageSchema":"332fd63041d2c1bcb487cc26dd0d5f7d97098a6c","hash":"baa0bec8ae5c5cd3a254ff422fa56d4e365bc49c"}
,"D:\\Projects\\kaderiho.github.io\\frontcamp2017\\reactjs-hometask\\src\\browser\\reducers\\auth.js": {"path":"D:\\Projects\\kaderiho.github.io\\frontcamp2017\\reactjs-hometask\\src\\browser\\reducers\\auth.js","statementMap":{"0":{"start":{"line":4,"column":21},"end":{"line":7,"column":1}},"1":{"start":{"line":10,"column":4},"end":{"line":18,"column":5}},"2":{"start":{"line":12,"column":12},"end":{"line":15,"column":14}},"3":{"start":{"line":17,"column":12},"end":{"line":17,"column":25}}},"fnMap":{"0":{"name":"(anonymous_0)","decl":{"start":{"line":9,"column":15},"end":{"line":9,"column":16}},"loc":{"start":{"line":9,"column":54},"end":{"line":19,"column":1}},"line":9}},"branchMap":{"0":{"loc":{"start":{"line":9,"column":16},"end":{"line":9,"column":36}},"type":"default-arg","locations":[{"start":{"line":9,"column":24},"end":{"line":9,"column":36}}],"line":9},"1":{"loc":{"start":{"line":9,"column":38},"end":{"line":9,"column":49}},"type":"default-arg","locations":[{"start":{"line":9,"column":47},"end":{"line":9,"column":49}}],"line":9},"2":{"loc":{"start":{"line":10,"column":4},"end":{"line":18,"column":5}},"type":"switch","locations":[{"start":{"line":11,"column":8},"end":{"line":15,"column":14}},{"start":{"line":16,"column":8},"end":{"line":17,"column":25}}],"line":10}},"s":{"0":1,"1":3,"2":2,"3":1},"f":{"0":3},"b":{"0":[1],"1":[0],"2":[2,1]},"_coverageSchema":"332fd63041d2c1bcb487cc26dd0d5f7d97098a6c","hash":"0d19996d635533baf4ba7fce3e495897fbeb4d9d"}
}
