TN:
SF:D:\Projects\kaderiho.github.io\frontcamp2017\reactjs-hometask\src\browser\actions\types.js
FNF:0
FNH:0
DA:1,2
DA:2,2
DA:3,2
DA:4,2
DA:5,2
LF:5
LH:5
BRF:0
BRH:0
end_of_record
TN:
SF:D:\Projects\kaderiho.github.io\frontcamp2017\reactjs-hometask\src\browser\reducers\articles.js
FN:3,(anonymous_0)
FN:8,(anonymous_1)
FNF:2
FNH:2
FNDA:3,(anonymous_0)
FNDA:1,(anonymous_1)
DA:3,1
DA:4,3
DA:6,1
DA:8,1
DA:10,1
LF:5
LH:5
BRDA:3,0,0,1
BRDA:4,1,0,1
BRDA:4,1,1,1
BRDA:4,1,2,1
BRF:4
BRH:4
end_of_record
TN:
SF:D:\Projects\kaderiho.github.io\frontcamp2017\reactjs-hometask\src\browser\reducers\auth.js
FN:9,(anonymous_0)
FNF:1
FNH:1
FNDA:3,(anonymous_0)
DA:4,1
DA:10,3
DA:12,2
DA:17,1
LF:4
LH:4
BRDA:9,0,0,1
BRDA:9,1,0,0
BRDA:10,2,0,2
BRDA:10,2,1,1
BRF:4
BRH:3
end_of_record
