TN:
SF:D:\Projects\kaderiho.github.io\frontcamp2017\reactjs-hometask\src\browser\actions\articles.js
FN:3,(anonymous_0)
FN:10,(anonymous_1)
FNF:2
FNH:0
FNDA:0,(anonymous_0)
FNDA:0,(anonymous_1)
DA:3,1
DA:4,0
DA:10,1
DA:11,0
LF:4
LH:2
BRF:0
BRH:0
end_of_record
TN:
SF:D:\Projects\kaderiho.github.io\frontcamp2017\reactjs-hometask\src\browser\actions\types.js
FNF:0
FNH:0
DA:1,3
DA:2,3
DA:3,3
DA:4,3
DA:5,3
LF:5
LH:5
BRF:0
BRH:0
end_of_record
TN:
SF:D:\Projects\kaderiho.github.io\frontcamp2017\reactjs-hometask\src\browser\components\article\article-adding.jsx
FN:10,(anonymous_0)
FN:18,(anonymous_1)
FN:24,(anonymous_2)
FN:38,(anonymous_3)
FN:40,(anonymous_4)
FN:49,(anonymous_5)
FN:77,matchDispatchToProps
FN:79,(anonymous_7)
FNF:8
FNH:3
FNDA:6,(anonymous_0)
FNDA:0,(anonymous_1)
FNDA:0,(anonymous_2)
FNDA:0,(anonymous_3)
FNDA:0,(anonymous_4)
FNDA:6,(anonymous_5)
FNDA:6,matchDispatchToProps
FNDA:0,(anonymous_7)
DA:11,6
DA:13,6
DA:18,6
DA:19,0
DA:24,6
DA:25,0
DA:27,0
DA:29,0
DA:30,0
DA:33,0
DA:39,0
DA:42,0
DA:50,6
DA:52,6
DA:78,6
DA:80,0
LF:16
LH:7
BRDA:29,0,0,0
BRDA:29,0,1,0
BRDA:29,1,0,0
BRDA:29,1,1,0
BRF:4
BRH:0
end_of_record
TN:
SF:D:\Projects\kaderiho.github.io\frontcamp2017\reactjs-hometask\src\browser\components\common\text-field-group.js
FN:3,(anonymous_0)
FNF:1
FNH:1
FNDA:14,(anonymous_0)
DA:3,2
DA:4,14
DA:17,2
LF:3
LH:3
BRDA:12,0,0,14
BRDA:12,0,1,0
BRF:2
BRH:1
end_of_record
TN:
SF:D:\Projects\kaderiho.github.io\frontcamp2017\reactjs-hometask\src\browser\reducers\articles.js
FN:3,(anonymous_0)
FN:8,(anonymous_1)
FNF:2
FNH:2
FNDA:3,(anonymous_0)
FNDA:1,(anonymous_1)
DA:3,1
DA:4,3
DA:6,1
DA:8,1
DA:10,1
LF:5
LH:5
BRDA:3,0,0,1
BRDA:4,1,0,1
BRDA:4,1,1,1
BRDA:4,1,2,1
BRF:4
BRH:4
end_of_record
TN:
SF:D:\Projects\kaderiho.github.io\frontcamp2017\reactjs-hometask\src\browser\reducers\auth.js
FN:9,(anonymous_0)
FNF:1
FNH:1
FNDA:3,(anonymous_0)
DA:4,1
DA:10,3
DA:12,2
DA:17,1
LF:4
LH:4
BRDA:9,0,0,1
BRDA:9,1,0,0
BRDA:10,2,0,2
BRDA:10,2,1,1
BRF:4
BRH:3
end_of_record
